#
# There is insufficient memory for the Java Runtime Environment to continue.
# Native memory allocation (malloc) failed to allocate 770256 bytes for Chunk::new
# Possible reasons:
#   The system is out of physical RAM or swap space
#   The process is running with CompressedOops enabled, and the Java Heap may be blocking the growth of the native heap
# Possible solutions:
#   Reduce memory load on the system
#   Increase physical memory or swap space
#   Check if swap backing store is full
#   Decrease Java heap size (-Xmx/-Xms)
#   Decrease number of Java threads
#   Decrease Java thread stack sizes (-Xss)
#   Set larger code cache with -XX:ReservedCodeCacheSize=
#   JVM is running with Unscaled Compressed Oops mode in which the Java heap is
#     placed in the first 4GB address space. The Java Heap base address is the
#     maximum limit for the native heap growth. Please use -XX:HeapBaseMinAddress
#     to set the Java Heap base and to place the Java Heap above 4GB virtual address.
# This output file may be truncated or incomplete.
#
#  Out of Memory Error (allocation.cpp:389), pid=23696, tid=0x0000000000002130
#
# JRE version: OpenJDK Runtime Environment (8.0_242-b01) (build 1.8.0_242-release-1644-b01)
# Java VM: OpenJDK 64-Bit Server VM (25.242-b01 mixed mode windows-amd64 compressed oops)
# Failed to write core dump. Minidumps are not enabled by default on client versions of Windows
#

---------------  T H R E A D  ---------------

Current thread (0x0000000017e9e000):  JavaThread "C2 CompilerThread0" daemon [_thread_in_native, id=8496, stack(0x000000001a580000,0x000000001a680000)]

Stack: [0x000000001a580000,0x000000001a680000]
[error occurred during error reporting (printing stack bounds), id 0xc0000005]

Native frames: (J=compiled Java code, j=interpreted, Vv=VM code, C=native code)


Current CompileTask:
C2:   6011 5960       4       org.jetbrains.kotlin.types.TypeUtils::contains (298 bytes)


---------------  P R O C E S S  ---------------

Java Threads: ( => current thread )
  0x0000000019d5e000 JavaThread "Service Thread" daemon [_thread_blocked, id=15760, stack(0x000000001a980000,0x000000001aa80000)]
  0x0000000019cbc800 JavaThread "C1 CompilerThread3" daemon [_thread_blocked, id=11220, stack(0x000000001a880000,0x000000001a980000)]
  0x0000000019cbd000 JavaThread "C2 CompilerThread2" daemon [_thread_blocked, id=17008, stack(0x000000001a780000,0x000000001a880000)]
  0x0000000019cb8000 JavaThread "C2 CompilerThread1" daemon [_thread_blocked, id=16160, stack(0x000000001a680000,0x000000001a780000)]
=>0x0000000017e9e000 JavaThread "C2 CompilerThread0" daemon [_thread_in_native, id=8496, stack(0x000000001a580000,0x000000001a680000)]
  0x0000000019cb4000 JavaThread "Attach Listener" daemon [_thread_blocked, id=15428, stack(0x000000001a480000,0x000000001a580000)]
  0x0000000019cb3000 JavaThread "Signal Dispatcher" daemon [_thread_blocked, id=21536, stack(0x000000001a380000,0x000000001a480000)]
  0x0000000019ca1800 JavaThread "Finalizer" daemon [_thread_blocked, id=9092, stack(0x000000001a180000,0x000000001a280000)]
  0x0000000002f17000 JavaThread "Reference Handler" daemon [_thread_blocked, id=5720, stack(0x000000001a080000,0x000000001a180000)]
  0x000000000147e800 JavaThread "main" [_thread_in_vm, id=12412, stack(0x0000000002c80000,0x0000000002d80000)]

Other Threads:
  0x0000000017e87800 VMThread [stack: 0x0000000019b80000,0x0000000019c80000] [id=9596]
  0x0000000019d0d800 WatcherThread [stack: 0x000000001aa80000,0x000000001ab80000] [id=5936]

VM state:not at safepoint (normal execution)

VM Mutex/Monitor currently owned by a thread: None

heap address: 0x0000000081e00000, size: 2018 MB, Compressed Oops mode: 32-bit
Narrow klass base: 0x0000000000000000, Narrow klass shift: 3
Compressed class space size: 1073741824 Address: 0x0000000100000000

Heap:
 PSYoungGen      total 146944K, used 93866K [0x00000000d5f80000, 0x00000000e0400000, 0x0000000100000000)
  eden space 125440K, 57% used [0x00000000d5f80000,0x00000000da62f330,0x00000000dda00000)
  from space 21504K, 99% used [0x00000000def00000,0x00000000e03fb6a0,0x00000000e0400000)
  to   space 5120K, 0% used [0x00000000de180000,0x00000000de180000,0x00000000de680000)
 ParOldGen       total 93696K, used 37910K [0x0000000081e00000, 0x0000000087980000, 0x00000000d5f80000)
  object space 93696K, 40% used [0x0000000081e00000,0x0000000084305b18,0x0000000087980000)
 Metaspace       used 53234K, capacity 54342K, committed 54656K, reserved 1097728K
  class space    used 6470K, capacity 6773K, committed 6784K, reserved 1048576K

Card table byte_map: [0x00000000122e0000,0x00000000126e0000] byte_map_base: 0x0000000011ed1000

Marking Bits: (ParMarkBitMap*) 0x000000007208f030
 Begin Bits: [0x0000000013190000, 0x0000000015118000)
 End Bits:   [0x0000000015118000, 0x00000000170a0000)

Polling page: 0x0000000001380000

CodeCache: size=245760Kb used=20456Kb max_used=20465Kb free=225303Kb
 bounds [0x0000000002f20000, 0x0000000004340000, 0x0000000011f20000]
 total_blobs=6165 nmethods=5634 adapters=443
 compilation: enabled

Compilation events (10 events):
Event: 5.968 Thread 0x0000000019cbc800 nmethod 6276 0x0000000004326550 code [0x0000000004326700, 0x0000000004326c98]
Event: 5.968 Thread 0x0000000019cbc800 6278       3       org.jetbrains.kotlin.com.intellij.openapi.diagnostic.Logger::assertTrue (50 bytes)
Event: 5.968 Thread 0x0000000019cbd000 6264       4       org.jetbrains.kotlin.com.intellij.lexer.FlexAdapter::advance (10 bytes)
Event: 5.969 Thread 0x0000000019cbc800 nmethod 6278 0x0000000004328c90 code [0x0000000004328ec0, 0x0000000004329c68]
Event: 5.969 Thread 0x0000000019cbc800 6277   !   3       sun.reflect.GeneratedConstructorAccessor7::newInstance (53 bytes)
Event: 5.969 Thread 0x0000000019cb8000 nmethod 6263 0x0000000004328690 code [0x0000000004328800, 0x0000000004328a08]
Event: 5.969 Thread 0x0000000019cb8000 6252       4       java.lang.Enum::compareTo (44 bytes)
Event: 5.970 Thread 0x0000000019cb8000 nmethod 6252 0x0000000004321990 code [0x0000000004321ac0, 0x0000000004321b78]
Event: 5.970 Thread 0x0000000019cbc800 nmethod 6277 0x000000000432e6d0 code [0x000000000432e960, 0x000000000432f688]
Event: 5.971 Thread 0x0000000019cbd000 nmethod 6264 0x0000000004328090 code [0x0000000004328200, 0x0000000004328408]

GC Heap History (10 events):
Event: 1.470 GC heap before
{Heap before GC invocations=4 (full 1):
 PSYoungGen      total 71680K, used 5088K [0x00000000d5f80000, 0x00000000deb80000, 0x0000000100000000)
  eden space 66560K, 0% used [0x00000000d5f80000,0x00000000d5f80000,0x00000000da080000)
  from space 5120K, 99% used [0x00000000da080000,0x00000000da5783c8,0x00000000da580000)
  to   space 5120K, 0% used [0x00000000de680000,0x00000000de680000,0x00000000deb80000)
 ParOldGen       total 87552K, used 24855K [0x0000000081e00000, 0x0000000087380000, 0x00000000d5f80000)
  object space 87552K, 28% used [0x0000000081e00000,0x0000000083645c70,0x0000000087380000)
 Metaspace       used 20744K, capacity 21182K, committed 21248K, reserved 1069056K
  class space    used 2369K, capacity 2527K, committed 2560K, reserved 1048576K
Event: 1.533 GC heap after
Heap after GC invocations=4 (full 1):
 PSYoungGen      total 71680K, used 0K [0x00000000d5f80000, 0x00000000deb80000, 0x0000000100000000)
  eden space 66560K, 0% used [0x00000000d5f80000,0x00000000d5f80000,0x00000000da080000)
  from space 5120K, 0% used [0x00000000da080000,0x00000000da080000,0x00000000da580000)
  to   space 5120K, 0% used [0x00000000de680000,0x00000000de680000,0x00000000deb80000)
 ParOldGen       total 93696K, used 22008K [0x0000000081e00000, 0x0000000087980000, 0x00000000d5f80000)
  object space 93696K, 23% used [0x0000000081e00000,0x000000008337e308,0x0000000087980000)
 Metaspace       used 20744K, capacity 21182K, committed 21248K, reserved 1069056K
  class space    used 2369K, capacity 2527K, committed 2560K, reserved 1048576K
}
Event: 2.507 GC heap before
{Heap before GC invocations=5 (full 1):
 PSYoungGen      total 71680K, used 66560K [0x00000000d5f80000, 0x00000000deb80000, 0x0000000100000000)
  eden space 66560K, 100% used [0x00000000d5f80000,0x00000000da080000,0x00000000da080000)
  from space 5120K, 0% used [0x00000000da080000,0x00000000da080000,0x00000000da580000)
  to   space 5120K, 0% used [0x00000000de680000,0x00000000de680000,0x00000000deb80000)
 ParOldGen       total 93696K, used 22008K [0x0000000081e00000, 0x0000000087980000, 0x00000000d5f80000)
  object space 93696K, 23% used [0x0000000081e00000,0x000000008337e308,0x0000000087980000)
 Metaspace       used 29969K, capacity 30536K, committed 30848K, reserved 1077248K
  class space    used 3758K, capacity 3928K, committed 3968K, reserved 1048576K
Event: 2.519 GC heap after
Heap after GC invocations=5 (full 1):
 PSYoungGen      total 96256K, used 5091K [0x00000000d5f80000, 0x00000000deb80000, 0x0000000100000000)
  eden space 91136K, 0% used [0x00000000d5f80000,0x00000000d5f80000,0x00000000db880000)
  from space 5120K, 99% used [0x00000000de680000,0x00000000deb78c80,0x00000000deb80000)
  to   space 5120K, 0% used [0x00000000de180000,0x00000000de180000,0x00000000de680000)
 ParOldGen       total 93696K, used 32364K [0x0000000081e00000, 0x0000000087980000, 0x00000000d5f80000)
  object space 93696K, 34% used [0x0000000081e00000,0x0000000083d9b170,0x0000000087980000)
 Metaspace       used 29969K, capacity 30536K, committed 30848K, reserved 1077248K
  class space    used 3758K, capacity 3928K, committed 3968K, reserved 1048576K
}
Event: 2.924 GC heap before
{Heap before GC invocations=6 (full 1):
 PSYoungGen      total 96256K, used 34345K [0x00000000d5f80000, 0x00000000deb80000, 0x0000000100000000)
  eden space 91136K, 32% used [0x00000000d5f80000,0x00000000d7c118e8,0x00000000db880000)
  from space 5120K, 99% used [0x00000000de680000,0x00000000deb78c80,0x00000000deb80000)
  to   space 5120K, 0% used [0x00000000de180000,0x00000000de180000,0x00000000de680000)
 ParOldGen       total 93696K, used 32364K [0x0000000081e00000, 0x0000000087980000, 0x00000000d5f80000)
  object space 93696K, 34% used [0x0000000081e00000,0x0000000083d9b170,0x0000000087980000)
 Metaspace       used 34666K, capacity 35200K, committed 35416K, reserved 1081344K
  class space    used 4341K, capacity 4540K, committed 4608K, reserved 1048576K
Event: 2.934 GC heap after
Heap after GC invocations=6 (full 1):
 PSYoungGen      total 130560K, used 5091K [0x00000000d5f80000, 0x00000000e0400000, 0x0000000100000000)
  eden space 125440K, 0% used [0x00000000d5f80000,0x00000000d5f80000,0x00000000dda00000)
  from space 5120K, 99% used [0x00000000de180000,0x00000000de678c60,0x00000000de680000)
  to   space 21504K, 0% used [0x00000000def00000,0x00000000def00000,0x00000000e0400000)
 ParOldGen       total 93696K, used 39882K [0x0000000081e00000, 0x0000000087980000, 0x00000000d5f80000)
  object space 93696K, 42% used [0x0000000081e00000,0x00000000844f2940,0x0000000087980000)
 Metaspace       used 34666K, capacity 35200K, committed 35416K, reserved 1081344K
  class space    used 4341K, capacity 4540K, committed 4608K, reserved 1048576K
}
Event: 2.934 GC heap before
{Heap before GC invocations=7 (full 2):
 PSYoungGen      total 130560K, used 5091K [0x00000000d5f80000, 0x00000000e0400000, 0x0000000100000000)
  eden space 125440K, 0% used [0x00000000d5f80000,0x00000000d5f80000,0x00000000dda00000)
  from space 5120K, 99% used [0x00000000de180000,0x00000000de678c60,0x00000000de680000)
  to   space 21504K, 0% used [0x00000000def00000,0x00000000def00000,0x00000000e0400000)
 ParOldGen       total 93696K, used 39882K [0x0000000081e00000, 0x0000000087980000, 0x00000000d5f80000)
  object space 93696K, 42% used [0x0000000081e00000,0x00000000844f2940,0x0000000087980000)
 Metaspace       used 34666K, capacity 35200K, committed 35416K, reserved 1081344K
  class space    used 4341K, capacity 4540K, committed 4608K, reserved 1048576K
Event: 3.008 GC heap after
Heap after GC invocations=7 (full 2):
 PSYoungGen      total 130560K, used 0K [0x00000000d5f80000, 0x00000000e0400000, 0x0000000100000000)
  eden space 125440K, 0% used [0x00000000d5f80000,0x00000000d5f80000,0x00000000dda00000)
  from space 5120K, 0% used [0x00000000de180000,0x00000000de180000,0x00000000de680000)
  to   space 21504K, 0% used [0x00000000def00000,0x00000000def00000,0x00000000e0400000)
 ParOldGen       total 93696K, used 33655K [0x0000000081e00000, 0x0000000087980000, 0x00000000d5f80000)
  object space 93696K, 35% used [0x0000000081e00000,0x0000000083eddf80,0x0000000087980000)
 Metaspace       used 34666K, capacity 35200K, committed 35416K, reserved 1081344K
  class space    used 4341K, capacity 4540K, committed 4608K, reserved 1048576K
}
Event: 4.629 GC heap before
{Heap before GC invocations=8 (full 2):
 PSYoungGen      total 130560K, used 125440K [0x00000000d5f80000, 0x00000000e0400000, 0x0000000100000000)
  eden space 125440K, 100% used [0x00000000d5f80000,0x00000000dda00000,0x00000000dda00000)
  from space 5120K, 0% used [0x00000000de180000,0x00000000de180000,0x00000000de680000)
  to   space 21504K, 0% used [0x00000000def00000,0x00000000def00000,0x00000000e0400000)
 ParOldGen       total 93696K, used 33655K [0x0000000081e00000, 0x0000000087980000, 0x00000000d5f80000)
  object space 93696K, 35% used [0x0000000081e00000,0x0000000083eddf80,0x0000000087980000)
 Metaspace       used 48360K, capacity 49296K, committed 49664K, reserved 1093632K
  class space    used 6008K, capacity 6278K, committed 6400K, reserved 1048576K
Event: 4.653 GC heap after
Heap after GC invocations=8 (full 2):
 PSYoungGen      total 146944K, used 21485K [0x00000000d5f80000, 0x00000000e0400000, 0x0000000100000000)
  eden space 125440K, 0% used [0x00000000d5f80000,0x00000000d5f80000,0x00000000dda00000)
  from space 21504K, 99% used [0x00000000def00000,0x00000000e03fb6a0,0x00000000e0400000)
  to   space 5120K, 0% used [0x00000000de180000,0x00000000de180000,0x00000000de680000)
 ParOldGen       total 93696K, used 37910K [0x0000000081e00000, 0x0000000087980000, 0x00000000d5f80000)
  object space 93696K, 40% used [0x0000000081e00000,0x0000000084305b18,0x0000000087980000)
 Metaspace       used 48360K, capacity 49296K, committed 49664K, reserved 1093632K
  class space    used 6008K, capacity 6278K, committed 6400K, reserved 1048576K
}

Deoptimization events (10 events):
Event: 5.805 Thread 0x000000000147e800 Uncommon trap: reason=bimorphic action=maybe_recompile pc=0x0000000003cde194 method=org.jetbrains.org.objectweb.asm.ClassReader.readElementValue(Lorg/jetbrains/org/objectweb/asm/AnnotationVisitor;ILjava/lang/String;[C)I @ 398
Event: 5.830 Thread 0x000000000147e800 Uncommon trap: reason=class_check action=maybe_recompile pc=0x00000000041e0e0c method=org.jetbrains.kotlin.cli.jvm.index.JvmDependenciesIndexImpl.search(Lorg/jetbrains/kotlin/cli/jvm/index/JvmDependenciesIndexImpl$SearchRequest;Lkotlin/jvm/functions/Funct
Event: 5.832 Thread 0x000000000147e800 Uncommon trap: reason=class_check action=maybe_recompile pc=0x00000000041e0e0c method=org.jetbrains.kotlin.cli.jvm.index.JvmDependenciesIndexImpl.search(Lorg/jetbrains/kotlin/cli/jvm/index/JvmDependenciesIndexImpl$SearchRequest;Lkotlin/jvm/functions/Funct
Event: 5.837 Thread 0x000000000147e800 Uncommon trap: reason=unstable_if action=reinterpret pc=0x00000000039086b4 method=org.jetbrains.kotlin.resolve.DescriptorUtils.getFqNameSafeIfPossible(Lorg/jetbrains/kotlin/descriptors/DeclarationDescriptor;)Lorg/jetbrains/kotlin/name/FqName; @ 12
Event: 5.837 Thread 0x000000000147e800 Uncommon trap: reason=unstable_if action=reinterpret pc=0x000000000309ada4 method=org.jetbrains.kotlin.name.FqNameUnsafe.child(Lorg/jetbrains/kotlin/name/Name;)Lorg/jetbrains/kotlin/name/FqNameUnsafe; @ 13
Event: 5.931 Thread 0x000000000147e800 Uncommon trap: reason=bimorphic action=maybe_recompile pc=0x0000000003c28c28 method=org.jetbrains.kotlin.storage.LockBasedStorageManager$LockBasedLazyValue.invoke()Ljava/lang/Object; @ 181
Event: 6.002 Thread 0x000000000147e800 Uncommon trap: reason=class_check action=maybe_recompile pc=0x0000000003c07b64 method=java.util.regex.Matcher.search(I)Z @ 86
Event: 6.002 Thread 0x000000000147e800 Uncommon trap: reason=class_check action=maybe_recompile pc=0x0000000003c07b64 method=java.util.regex.Matcher.search(I)Z @ 86
Event: 6.002 Thread 0x000000000147e800 Uncommon trap: reason=class_check action=maybe_recompile pc=0x0000000003c07b64 method=java.util.regex.Matcher.search(I)Z @ 86
Event: 6.002 Thread 0x000000000147e800 Uncommon trap: reason=class_check action=maybe_recompile pc=0x0000000003c07b64 method=java.util.regex.Matcher.search(I)Z @ 86

Classes redefined (0 events):
No events

Internal exceptions (10 events):
Event: 3.823 Thread 0x000000000147e800 Exception <a 'java/lang/NoSuchMethodError': java.lang.Object.lambda$static$0(I)[Lorg/jetbrains/kotlin/com/intellij/psi/PsiTypeParameter;> (0x00000000da1f1fa8) thrown at [C:\src\AOSP-openjdk-git\hotspot\src\share\vm\interpreter\linkResolver.cpp, line 620]
Event: 3.916 Thread 0x000000000147e800 Exception <a 'java/lang/NoSuchMethodError': java.lang.Object.lambda$static$0(I)[Lorg/jetbrains/kotlin/psi/KtTypeElement;> (0x00000000da8f26d8) thrown at [C:\src\AOSP-openjdk-git\hotspot\src\share\vm\interpreter\linkResolver.cpp, line 620]
Event: 4.015 Thread 0x000000000147e800 Exception <a 'java/lang/NoSuchMethodError': java.lang.Object.lambda$static$0(I)[Lorg/jetbrains/kotlin/psi/KtDeclaration;> (0x00000000dae5e520) thrown at [C:\src\AOSP-openjdk-git\hotspot\src\share\vm\interpreter\linkResolver.cpp, line 620]
Event: 5.509 Thread 0x000000000147e800 Implicit null exception at 0x00000000035e59e9 to 0x00000000035e6981
Event: 5.509 Thread 0x000000000147e800 Implicit null exception at 0x0000000003346cbb to 0x000000000334728d
Event: 5.536 Thread 0x000000000147e800 Implicit null exception at 0x00000000031ee92f to 0x00000000031ee999
Event: 5.703 Thread 0x000000000147e800 Exception <a 'java/lang/NoSuchMethodError': java.lang.Object.lambda$static$0(I)[Lorg/jetbrains/kotlin/com/intellij/psi/PsiMethod;> (0x00000000d967c900) thrown at [C:\src\AOSP-openjdk-git\hotspot\src\share\vm\interpreter\linkResolver.cpp, line 620]
Event: 5.748 Thread 0x000000000147e800 Exception <a 'java/lang/NoSuchMethodError': java.lang.Object.lambda$static$0(I)[Lorg/jetbrains/kotlin/com/intellij/psi/PsiField;> (0x00000000d98d89a0) thrown at [C:\src\AOSP-openjdk-git\hotspot\src\share\vm\interpreter\linkResolver.cpp, line 620]
Event: 5.758 Thread 0x000000000147e800 Exception <a 'java/lang/NoSuchMethodError': java.lang.Object.lambda$static$0(I)[Lorg/jetbrains/kotlin/com/intellij/psi/PsiJavaCodeReferenceElement;> (0x00000000d9946e58) thrown at [C:\src\AOSP-openjdk-git\hotspot\src\share\vm\interpreter\linkResolver.cpp,
Event: 5.772 Thread 0x000000000147e800 Exception <a 'java/lang/NoSuchMethodError': java.lang.Object.lambda$static$0(I)[Lorg/jetbrains/kotlin/com/intellij/psi/PsiImportStatementBase;> (0x00000000d9a0d3e8) thrown at [C:\src\AOSP-openjdk-git\hotspot\src\share\vm\interpreter\linkResolver.cpp, line

Events (10 events):
Event: 6.007 loading class org/jetbrains/kotlin/codegen/FunctionGenerationStrategy$FunctionDefault
Event: 6.007 loading class org/jetbrains/kotlin/codegen/FunctionGenerationStrategy$FunctionDefault done
Event: 6.008 loading class org/jetbrains/kotlin/codegen/FunctionCodegen$1
Event: 6.008 loading class org/jetbrains/kotlin/codegen/FunctionCodegen$1 done
Event: 6.009 loading class org/jetbrains/kotlin/codegen/FrameMap
Event: 6.009 loading class org/jetbrains/kotlin/codegen/FrameMap done
Event: 6.009 loading class org/jetbrains/kotlin/codegen/FrameMapBase
Event: 6.009 loading class org/jetbrains/kotlin/codegen/FrameMapBase done
Event: 6.009 loading class org/jetbrains/kotlin/codegen/FrameMapWithExpectActualSupport
Event: 6.009 loading class org/jetbrains/kotlin/codegen/FrameMapWithExpectActualSupport done


Dynamic libraries:
0x00007ff768f80000 - 0x00007ff768fb1000 	C:\Program Files\Android\Android Studio\jre\jre\bin\java.exe
0x00007ffa7bdb0000 - 0x00007ffa7bfa5000 	C:\WINDOWS\SYSTEM32\ntdll.dll
0x00007ffa7a8c0000 - 0x00007ffa7a97d000 	C:\WINDOWS\System32\KERNEL32.DLL
0x00007ffa797c0000 - 0x00007ffa79a89000 	C:\WINDOWS\System32\KERNELBASE.dll
0x00007ffa7b8e0000 - 0x00007ffa7b98c000 	C:\WINDOWS\System32\ADVAPI32.dll
0x00007ffa7b0f0000 - 0x00007ffa7b18e000 	C:\WINDOWS\System32\msvcrt.dll
0x00007ffa7a980000 - 0x00007ffa7aa1c000 	C:\WINDOWS\System32\sechost.dll
0x00007ffa79e70000 - 0x00007ffa79f9b000 	C:\WINDOWS\System32\RPCRT4.dll
0x00007ffa7b990000 - 0x00007ffa7bb30000 	C:\WINDOWS\System32\USER32.dll
0x00007ffa79540000 - 0x00007ffa79562000 	C:\WINDOWS\System32\win32u.dll
0x00007ffa7bb30000 - 0x00007ffa7bb5a000 	C:\WINDOWS\System32\GDI32.dll
0x00007ffa79a90000 - 0x00007ffa79b9b000 	C:\WINDOWS\System32\gdi32full.dll
0x00007ffa79570000 - 0x00007ffa7960d000 	C:\WINDOWS\System32\msvcp_win.dll
0x00007ffa79610000 - 0x00007ffa79710000 	C:\WINDOWS\System32\ucrtbase.dll
0x00007ffa6ebf0000 - 0x00007ffa6ee8a000 	C:\WINDOWS\WinSxS\amd64_microsoft.windows.common-controls_6595b64144ccf1df_6.0.19041.844_none_ca00b6081b84eb1d\COMCTL32.dll
0x00007ffa7a670000 - 0x00007ffa7a6a0000 	C:\WINDOWS\System32\IMM32.DLL
0x0000000073450000 - 0x0000000073522000 	C:\Program Files\Android\Android Studio\jre\jre\bin\msvcr100.dll
0x00000000718c0000 - 0x000000007210b000 	C:\Program Files\Android\Android Studio\jre\jre\bin\server\jvm.dll
0x00007ffa7bb60000 - 0x00007ffa7bb68000 	C:\WINDOWS\System32\PSAPI.DLL
0x00007ffa64760000 - 0x00007ffa64769000 	C:\WINDOWS\SYSTEM32\WSOCK32.dll
0x00007ffa6fef0000 - 0x00007ffa6ff17000 	C:\WINDOWS\SYSTEM32\WINMM.dll
0x00007ffa73070000 - 0x00007ffa7307a000 	C:\WINDOWS\SYSTEM32\VERSION.dll
0x00007ffa7a6a0000 - 0x00007ffa7a70b000 	C:\WINDOWS\System32\WS2_32.dll
0x00007ffa6f880000 - 0x00007ffa6f88f000 	C:\Program Files\Android\Android Studio\jre\jre\bin\verify.dll
0x00007ffa6d6e0000 - 0x00007ffa6d709000 	C:\Program Files\Android\Android Studio\jre\jre\bin\java.dll
0x00007ffa62500000 - 0x00007ffa62516000 	C:\Program Files\Android\Android Studio\jre\jre\bin\zip.dll
0x00007ffa7b190000 - 0x00007ffa7b8d2000 	C:\WINDOWS\System32\SHELL32.dll
0x00007ffa77550000 - 0x00007ffa77ce0000 	C:\WINDOWS\SYSTEM32\windows.storage.dll
0x00007ffa7a0c0000 - 0x00007ffa7a415000 	C:\WINDOWS\System32\combase.dll
0x00007ffa78f60000 - 0x00007ffa78f8c000 	C:\WINDOWS\SYSTEM32\Wldp.dll
0x00007ffa7aa20000 - 0x00007ffa7aace000 	C:\WINDOWS\System32\SHCORE.dll
0x00007ffa79e10000 - 0x00007ffa79e65000 	C:\WINDOWS\System32\shlwapi.dll
0x00007ffa79430000 - 0x00007ffa7944f000 	C:\WINDOWS\SYSTEM32\profapi.dll
0x00007ffa5e270000 - 0x00007ffa5e28a000 	C:\Program Files\Android\Android Studio\jre\jre\bin\net.dll
0x00007ffa78ce0000 - 0x00007ffa78d4a000 	C:\WINDOWS\system32\mswsock.dll
0x00007ffa575e0000 - 0x00007ffa575f3000 	C:\Program Files\Android\Android Studio\jre\jre\bin\nio.dll

VM Arguments:
java_command: org.jetbrains.kotlin.cli.jvm.K2JVMCompiler @C:\Users\arman\AndroidStudioProjects\MyPokedex\app\build\20210407_272519700961415128.compiler.options
java_class_path (initial): C:\Users\arman\.gradle\caches\modules-2\files-2.1\org.jetbrains.kotlin\kotlin-compiler-embeddable\1.4.31\6451ea797cef544e81f507b0d9959cd97ae09c0\kotlin-compiler-embeddable-1.4.31.jar;C:\Users\arman\.gradle\caches\modules-2\files-2.1\org.jetbrains.kotlin\kotlin-reflect\1.4.31\63db9d66c3d20f7b8f66196e7ba86969daae8b8a\kotlin-reflect-1.4.31.jar;C:\Users\arman\.gradle\caches\modules-2\files-2.1\org.jetbrains.kotlin\kotlin-stdlib\1.4.31\a58e0fb9812a6a93ca24b5da75e4b5a0cb89c957\kotlin-stdlib-1.4.31.jar;C:\Users\arman\.gradle\caches\modules-2\files-2.1\org.jetbrains.kotlin\kotlin-script-runtime\1.4.31\183616b52cfb8ddaa8a2a15bf926e87dfcddcde3\kotlin-script-runtime-1.4.31.jar;C:\Users\arman\.gradle\caches\modules-2\files-2.1\org.jetbrains.kotlin\kotlin-daemon-embeddable\1.4.31\10faf8ac3dd5975ed972b2bc395b4ffc7ffde246\kotlin-daemon-embeddable-1.4.31.jar;C:\Users\arman\.gradle\caches\modules-2\files-2.1\org.jetbrains.intellij.deps\trove4j\1.0.20181211\216c2e14b070f334479d800987affe4054cd563f\trove4j-1.0.20181211.jar;C:\Users\arman\.gradle\caches\modules-2\files-2.1\org.jetbrains.kotlin\kotlin-stdlib-common\1.4.31\6dd50665802f54ba9bc3f70ecb20227d1bc81323\kotlin-stdlib-common-1.4.31.jar;C:\Users\arman\.gradle\caches\modules-2\files-2.1\org.jetbrains\annotations\13.0\919f0dfe192fb4e063e7dacadee7f8bb9a2672a9\annotations-13.0.jar;C:\Program Files\Android\Android Studio\jre\lib\tools.jar
Launcher Type: SUN_STANDARD

Environment Variables:
PATH=C:\Program Files\Intel\iCLS Client\;C:\Windows\system32;C:\Windows;C:\Windows\System32\Wbem;C:\Windows\System32\WindowsPowerShell\v1.0\;C:\Program Files (x86)\NVIDIA Corporation\PhysX\Common;C:\WINDOWS\system32;C:\WINDOWS;C:\WINDOWS\System32\Wbem;C:\WINDOWS\System32\WindowsPowerShell\v1.0\;C:\WINDOWS\System32\OpenSSH\;C:\Program Files\dotnet\;C:\Program Files (x86)\Intel\Intel(R) Management Engine Components\DAL;C:\Program Files\Intel\Intel(R) Management Engine Components\DAL;C:\Program Files\Git\cmd;C:\src\flutter\bin;C:\Users\arman\AppData\Local\Microsoft\WindowsApps;C:\Users\arman\.dotnet\tools;C:\src\flutter\bin;;C:\Users\arman\AppData\Local\Programs\Microsoft VS Code\bin
USERNAME=arman
OS=Windows_NT
PROCESSOR_IDENTIFIER=Intel64 Family 6 Model 158 Stepping 9, GenuineIntel



---------------  S Y S T E M  ---------------

OS: Windows 10.0 , 64 bit Build 19041 (10.0.19041.804)

CPU:total 8 (initial active 8) (4 cores per cpu, 2 threads per core) family 6 model 158 stepping 9, cmov, cx8, fxsr, mmx, sse, sse2, sse3, ssse3, sse4.1, sse4.2, popcnt, avx, avx2, aes, clmul, erms, 3dnowpref, lzcnt, ht, tsc, tscinvbit, bmi1, bmi2, adx

Memory: 4k page, physical 8258516k(193652k free), swap 33424340k(3448k free)

vm_info: OpenJDK 64-Bit Server VM (25.242-b01) for windows-amd64 JRE (1.8.0_242-release-1644-b01), built by "builder" with MS VC++ 10.0 (VS2010)

time: Wed Apr 07 20:29:48 2021
timezone: Eastern Daylight Time
elapsed time: 6 seconds (0d 0h 0m 6s)

